<?xml version="1.0" encoding="UTF-8"?>
<!-- Generated by org.testng.reporters.JUnitReportReporter -->
<testsuite skipped="0" hostname="DESKTOP-G2F8N5K" name="test.TotalLinksCount" tests="1" failures="0" timestamp="21 Jun 2019 05:38:07 GMT" time="18.983" errors="0">
  <testcase name="AllLinksCount" time="18.983" classname="test.TotalLinksCount"/>
</testsuite> <!-- test.TotalLinksCount -->
