<?xml version="1.0" encoding="UTF-8"?>
<!-- Generated by org.testng.reporters.JUnitReportReporter -->
<testsuite skipped="0" hostname="DESKTOP-G2F8N5K" name="test.MyAccounttab" tests="1" failures="0" timestamp="20 Jun 2019 03:50:44 GMT" time="6.691" errors="0">
  <testcase name="myaccounttabclick" time="6.691" classname="test.MyAccounttab"/>
</testsuite> <!-- test.MyAccounttab -->
