<?xml version="1.0" encoding="UTF-8"?>
<!-- Generated by org.testng.reporters.JUnitReportReporter -->
<testsuite skipped="0" hostname="DESKTOP-G2F8N5K" name="test.Headertabs" tests="1" failures="0" timestamp="12 Jun 2019 07:00:09 GMT" time="47.109" errors="0">
  <testcase name="Headertabsclick" time="47.109" classname="test.Headertabs"/>
</testsuite> <!-- test.Headertabs -->
