<?xml version="1.0" encoding="UTF-8"?>
<!-- Generated by org.testng.reporters.JUnitReportReporter -->
<testsuite skipped="0" hostname="DESKTOP-G2F8N5K" name="test.Headertabs" tests="1" failures="0" timestamp="21 Jun 2019 05:05:16 GMT" time="29.642" errors="0">
  <testcase name="Headertabsclick" time="29.642" classname="test.Headertabs"/>
</testsuite> <!-- test.Headertabs -->
