<?xml version="1.0" encoding="UTF-8"?>
<!-- Generated by org.testng.reporters.JUnitReportReporter -->
<testsuite skipped="0" hostname="DESKTOP-G2F8N5K" name="test.VerifingHomePageScrollBarMovesAllTheWayToTheBottomPage" tests="1" failures="0" timestamp="27 Jun 2019 03:18:00 GMT" time="10.637" errors="0">
  <testcase name="VerifingScrollBarMovesAllTheWayToTheBottomPage" time="10.637" classname="test.VerifingHomePageScrollBarMovesAllTheWayToTheBottomPage"/>
</testsuite> <!-- test.VerifingHomePageScrollBarMovesAllTheWayToTheBottomPage -->
