<?xml version="1.0" encoding="UTF-8"?>
<!-- Generated by org.testng.reporters.JUnitReportReporter -->
<testsuite skipped="0" hostname="DESKTOP-G2F8N5K" name="test.NewCarsTab" tests="1" failures="0" timestamp="24 May 2019 05:28:52 GMT" time="1.350" errors="0">
  <testcase name="newcarsclick" time="1.350" classname="test.NewCarsTab"/>
</testsuite> <!-- test.NewCarsTab -->
