<?xml version="1.0" encoding="UTF-8"?>
<!-- Generated by org.testng.reporters.JUnitReportReporter -->
<testsuite skipped="0" hostname="DESKTOP-G2F8N5K" name="test.TotalImgsCount" tests="1" failures="0" timestamp="28 Jun 2019 06:30:45 GMT" time="13.774" errors="0">
  <testcase name="AllImgsCount" time="13.774" classname="test.TotalImgsCount"/>
</testsuite> <!-- test.TotalImgsCount -->
