<?xml version="1.0" encoding="UTF-8"?>
<!-- Generated by org.testng.reporters.JUnitReportReporter -->
<testsuite skipped="0" hostname="DESKTOP-G2F8N5K" name="test.ReadFromXL" tests="1" failures="0" timestamp="27 Jun 2019 04:09:14 GMT" time="16.547" errors="0">
  <testcase name="ReadfrmXL" time="16.547" classname="test.ReadFromXL"/>
</testsuite> <!-- test.ReadFromXL -->
