<?xml version="1.0" encoding="UTF-8"?>
<!-- Generated by org.testng.reporters.JUnitReportReporter -->
<testsuite skipped="0" hostname="DESKTOP-G2F8N5K" name="test.SearchUsedCarByModel" tests="1" failures="0" timestamp="21 Jun 2019 06:34:46 GMT" time="19.388" errors="0">
  <testcase name="UsedCarByModel" time="19.388" classname="test.SearchUsedCarByModel"/>
</testsuite> <!-- test.SearchUsedCarByModel -->
