<?xml version="1.0" encoding="UTF-8"?>
<!-- Generated by org.testng.reporters.JUnitReportReporter -->
<testsuite skipped="0" hostname="DESKTOP-G2F8N5K" name="test.VerifingRightURL" tests="1" failures="0" timestamp="21 Jun 2019 05:16:09 GMT" time="11.557" errors="0">
  <testcase name="UsingRightURL" time="11.557" classname="test.VerifingRightURL"/>
</testsuite> <!-- test.VerifingRightURL -->
