<?xml version="1.0" encoding="UTF-8"?>
<!-- Generated by org.testng.reporters.JUnitReportReporter -->
<testsuite skipped="0" hostname="DESKTOP-G2F8N5K" name="test.UsedCarTab" tests="1" failures="0" timestamp="23 May 2019 03:06:03 GMT" time="3.811" errors="0">
  <testcase name="usedcarclick" time="3.811" classname="test.UsedCarTab"/>
</testsuite> <!-- test.UsedCarTab -->
