<?xml version="1.0" encoding="UTF-8"?>
<!-- Generated by org.testng.reporters.JUnitReportReporter -->
<testsuite skipped="0" hostname="DESKTOP-G2F8N5K" name="test.TotalImgsCount" tests="1" failures="0" timestamp="21 Jun 2019 05:42:40 GMT" time="10.898" errors="0">
  <testcase name="AllImgsCount" time="10.898" classname="test.TotalImgsCount"/>
</testsuite> <!-- test.TotalImgsCount -->
