<?xml version="1.0" encoding="UTF-8"?>
<!-- Generated by org.testng.reporters.JUnitReportReporter -->
<testsuite skipped="0" hostname="DESKTOP-G2F8N5K" name="test.Headertabs" tests="1" failures="0" timestamp="28 Jun 2019 06:30:45 GMT" time="39.732" errors="0">
  <testcase name="Headertabsclick" time="39.732" classname="test.Headertabs"/>
</testsuite> <!-- test.Headertabs -->
