<?xml version="1.0" encoding="UTF-8"?>
<!-- Generated by org.testng.reporters.JUnitReportReporter -->
<testsuite skipped="0" hostname="DESKTOP-G2F8N5K" name="test.CarValuesTab" tests="1" failures="0" timestamp="24 May 2019 05:34:32 GMT" time="1.794" errors="0">
  <testcase name="carvaluesclick" time="1.794" classname="test.CarValuesTab"/>
</testsuite> <!-- test.CarValuesTab -->
