<?xml version="1.0" encoding="UTF-8"?>
<!-- Generated by org.testng.reporters.JUnitReportReporter -->
<testsuite skipped="1" hostname="DESKTOP-G2F8N5K" name="test.FooterTabs" tests="1" failures="0" timestamp="28 Jun 2019 06:30:45 GMT" time="31.944" errors="0">
  <testcase name="VerifingFooterTabs" time="31.944" classname="test.FooterTabs">
    <skipped/>
  </testcase> <!-- VerifingFooterTabs -->
</testsuite> <!-- test.FooterTabs -->
