<?xml version="1.0" encoding="UTF-8"?>
<!-- Generated by org.testng.reporters.JUnitReportReporter -->
<testsuite skipped="0" hostname="DESKTOP-G2F8N5K" name="test.VerifingHomePageScrollBarMovesAllTheWayToTheBottomPage" tests="1" failures="0" timestamp="21 Jun 2019 06:02:26 GMT" time="12.379" errors="0">
  <testcase name="VerifingScrollBarMovesAllTheWayToTheBottomPage" time="12.379" classname="test.VerifingHomePageScrollBarMovesAllTheWayToTheBottomPage"/>
</testsuite> <!-- test.VerifingHomePageScrollBarMovesAllTheWayToTheBottomPage -->
