<?xml version="1.0" encoding="UTF-8"?>
<!-- Generated by org.testng.reporters.JUnitReportReporter -->
<testsuite skipped="0" hostname="DESKTOP-G2F8N5K" name="test.TotalDropDownCount" tests="1" failures="0" timestamp="21 Jun 2019 06:05:14 GMT" time="6.765" errors="0">
  <testcase name="AllDropDownCount" time="6.765" classname="test.TotalDropDownCount"/>
</testsuite> <!-- test.TotalDropDownCount -->
