<?xml version="1.0" encoding="UTF-8"?>
<!-- Generated by org.testng.reporters.JUnitReportReporter -->
<testsuite skipped="0" hostname="DESKTOP-G2F8N5K" name="test.TotalLinksCount" tests="1" failures="0" timestamp="27 Jun 2019 03:18:00 GMT" time="10.192" errors="0">
  <testcase name="AllLinksCount" time="10.192" classname="test.TotalLinksCount"/>
</testsuite> <!-- test.TotalLinksCount -->
