<?xml version="1.0" encoding="UTF-8"?>
<!-- Generated by org.testng.reporters.JUnitReportReporter -->
<testsuite skipped="0" hostname="DESKTOP-G2F8N5K" name="test.VerifingImageLogoTakesUserToHomePage" tests="1" failures="0" timestamp="27 Jun 2019 03:18:00 GMT" time="7.309" errors="0">
  <testcase name="ImagelogoClickToHomePage" time="7.309" classname="test.VerifingImageLogoTakesUserToHomePage"/>
</testsuite> <!-- test.VerifingImageLogoTakesUserToHomePage -->
