<?xml version="1.0" encoding="UTF-8"?>
<!-- Generated by org.testng.reporters.JUnitReportReporter -->
<testsuite skipped="0" hostname="DESKTOP-G2F8N5K" name="test.VerifingImageLogoTakesUserToHomePage" tests="1" failures="0" timestamp="21 Jun 2019 05:55:36 GMT" time="10.619" errors="0">
  <testcase name="ImagelogoClickToHomePage" time="10.619" classname="test.VerifingImageLogoTakesUserToHomePage"/>
</testsuite> <!-- test.VerifingImageLogoTakesUserToHomePage -->
