<?xml version="1.0" encoding="UTF-8"?>
<!-- Generated by org.testng.reporters.JUnitReportReporter -->
<testsuite skipped="0" hostname="DESKTOP-G2F8N5K" name="test.Headertabs" tests="1" failures="0" timestamp="24 May 2019 06:17:25 GMT" time="14.124" errors="0">
  <testcase name="Headertabsclick" time="14.124" classname="test.Headertabs"/>
</testsuite> <!-- test.Headertabs -->
